<?xml version="1.0" encoding="UTF-8"?>
<!-- Generated by org.testng.reporters.JUnitXMLReporter -->
<testsuite hostname="Raja" name="Default test" tests="3" failures="0" timestamp="3 Oct 2016 12:16:41 GMT" time="77.757" errors="0">
  <testcase name="TC_1" time="0.421" classname="com.imdb.test.testcase.Test_Cases"/>
  <testcase name="TC_2" time="23.861" classname="com.imdb.test.testcase.Test_Cases"/>
  <testcase name="TC_3" time="31.833" classname="com.imdb.test.testcase.Test_Cases"/>
</testsuite> <!-- Default test -->
