<?xml version="1.0" encoding="UTF-8"?>
<testng-results skipped="0" failed="0" total="3" passed="3">
  <reporter-output>
  </reporter-output>
  <suite name="Default suite" duration-ms="77757" started-at="2016-10-03T12:15:23Z" finished-at="2016-10-03T12:16:41Z">
    <groups>
    </groups>
    <test name="Default test" duration-ms="77757" started-at="2016-10-03T12:15:23Z" finished-at="2016-10-03T12:16:41Z">
      <class name="com.imdb.test.testcase.Test_Cases">
        <test-method status="PASS" signature="setup()[pri:0, instance:com.imdb.test.testcase.Test_Cases@2344fc66]" name="setup" is-config="true" duration-ms="18422" started-at="2016-10-03T14:15:23Z" finished-at="2016-10-03T14:15:42Z">
          <reporter-output>
          </reporter-output>
        </test-method> <!-- setup -->
        <test-method status="PASS" signature="TC_1()[pri:0, instance:com.imdb.test.testcase.Test_Cases@2344fc66]" name="TC_1" duration-ms="421" started-at="2016-10-03T14:15:42Z" finished-at="2016-10-03T14:15:42Z">
          <reporter-output>
          </reporter-output>
        </test-method> <!-- TC_1 -->
        <test-method status="PASS" signature="TC_2()[pri:0, instance:com.imdb.test.testcase.Test_Cases@2344fc66]" name="TC_2" duration-ms="23861" started-at="2016-10-03T14:15:42Z" finished-at="2016-10-03T14:16:06Z">
          <reporter-output>
          </reporter-output>
        </test-method> <!-- TC_2 -->
        <test-method status="PASS" signature="TC_3()[pri:0, instance:com.imdb.test.testcase.Test_Cases@2344fc66]" name="TC_3" duration-ms="31833" started-at="2016-10-03T14:16:06Z" finished-at="2016-10-03T14:16:38Z">
          <reporter-output>
          </reporter-output>
        </test-method> <!-- TC_3 -->
        <test-method status="PASS" signature="tearDown()[pri:0, instance:com.imdb.test.testcase.Test_Cases@2344fc66]" name="tearDown" is-config="true" duration-ms="3146" started-at="2016-10-03T14:16:38Z" finished-at="2016-10-03T14:16:41Z">
          <reporter-output>
          </reporter-output>
        </test-method> <!-- tearDown -->
      </class> <!-- com.imdb.test.testcase.Test_Cases -->
    </test> <!-- Default test -->
  </suite> <!-- Default suite -->
</testng-results>
